Type . to quit.
Rack? []
[]
[]
[]
[]
[]
[]
[]
[]
[]
[]
[]
We can make 12 words from "blob"
All of the words with their scores (sorted by score):
Rack? []
[]
[]
[]
[]
[]
[]
[]
[]
[]
[]
[]
[]
[]
[]
[]
[]
[]
[]
[]
[]
[]
[]
[]
[]
[dog, god]
[good]
[]
[]
[]
[]
[]
[]
[]
[]
[]
[]
[]
[]
[]
[]
[]
[]
[]
[]
[]
[]
[]
[]
[]
[]
[]
[]
[]
[]
[]
[]
[]
[]
[]
[]
[]
[]
[]
We can make 64 words from "bldgooo"
All of the words with their scores (sorted by score):
6: good
5: dog
5: god
Rack? []
[]
[]
[]
[]
[]
[to]
[]
[]
[]
[]
[]
[]
[]
[]
[]
[]
[]
[]
[]
[]
[]
[]
[]
[]
[]
[]
[]
[]
[]
[]
[]
[]
[]
[]
[]
[]
[]
[]
[]
[]
[]
[]
[]
[dog, god]
[]
[]
[]
[]
[]
[]
[]
[]
[]
[]
[]
[]
[]
[]
[]
[]
[]
[]
[]
[]
[]
[]
[]
[]
[]
[]
[]
[]
[]
[]
[]
[]
[]
[]
[]
[]
[dude]
[]
[]
[]
[]
[]
[]
[]
[]
[]
[]
[]
[]
[]
[]
We can make 96 words from "duotdeg"
All of the words with their scores (sorted by score):
6: dude
5: dog
5: god
2: to
Rack? []
[]
[]
[]
[]
[]
[to]
[]
[]
[woo]
[]
[]
[]
[]
[]
[]
[]
[]
[]
[]
[]
[]
[]
[]
[]
[]
[]
[]
[]
[]
[]
[]
[]
[]
[]
[]
[]
[]
[]
[]
[]
[wood]
[]
[]
[]
[]
[]
[]
[]
[]
[]
[]
[dog, god]
[]
[]
[]
[good]
[]
[]
[]
[]
[]
[]
[]
We can make 64 words from "dotwgoo"
All of the words with their scores (sorted by score):
8: wood
6: good
6: woo
5: dog
5: god
2: to
Rack? 